<?xml version="1.0" encoding="UTF-8"?>
<!-- Generated by org.testng.reporters.JUnitXMLReporter -->
<testsuite ignored="4" hostname="DESKTOP-GQ6TOUC" failures="0" tests="7" name="Test" time="5.337" errors="0" timestamp="2022-08-23T18:23:33 IST">
  <testcase classname="testcases.BankManagerLoginTest" name="loginAsBankManager" time="0.301"/>
  <testcase classname="testcases.AddCustomerTest" name="addCustomer" time="1.101"/>
  <testcase classname="testcases.AddCustomerTest" name="addCustomer" time="0.51"/>
  <testcase classname="testcases.AddCustomerTest" name="addCustomer" time="0.63"/>
  <testcase classname="testcases.AddCustomerTest" name="addCustomer" time="0.455"/>
  <testcase classname="testcases.AddCustomerTest" name="addCustomer" time="0.459"/>
  <testcase classname="testcases.OpenAccountTest" name="openAccountTest" time="1.645"/>
  <testcase classname="com.base.TestBase" name="@BeforeSuite setUp" time="0.0">
    <ignored/>
  </testcase> <!-- @BeforeSuite setUp -->
  <testcase classname="com.base.TestBase" name="@BeforeSuite setUp" time="0.0">
    <ignored/>
  </testcase> <!-- @BeforeSuite setUp -->
  <testcase classname="com.base.TestBase" name="@AfterSuite tearDown" time="0.0">
    <ignored/>
  </testcase> <!-- @AfterSuite tearDown -->
  <testcase classname="com.base.TestBase" name="@AfterSuite tearDown" time="0.0">
    <ignored/>
  </testcase> <!-- @AfterSuite tearDown -->
</testsuite> <!-- Test -->
